Using pre-set license
Built from '2020.3/staging' branch; Version is '2020.3.3f1 (76626098c1c4) revision 7758432'; Using compiler version '192528614'; Build Type 'Release'
OS: 'Windows 10 Pro; OS build 19042.928; Version 2009; 64bit' Language: 'es' Physical Memory: 6040 MB
BatchMode: 1, IsHumanControllingUs: 0, StartBugReporterOnCrash: 0, Is64bit: 1, IsPro: 0

 COMMAND LINE ARGUMENTS:
C:\Program Files\Unity\Hub\Editor\2020.3.3f1\Editor\Unity.exe
-adb2
-batchMode
-noUpm
-name
AssetImportWorker0
-projectPath
E:/CURSOS LLEVANDO/VIDEOJUEGOS Y APLICACIONES MOVILES/T2UltimaPractica/T2
-logFile
Logs/AssetImportWorker0.log
-srvPort
60492
Successfully changed project path to: E:/CURSOS LLEVANDO/VIDEOJUEGOS Y APLICACIONES MOVILES/T2UltimaPractica/T2
E:/CURSOS LLEVANDO/VIDEOJUEGOS Y APLICACIONES MOVILES/T2UltimaPractica/T2
Using Asset Import Pipeline V2.
Refreshing native plugins compatible for Editor in 69.31 ms, found 1 plugins.
Preloading 0 native plugins for Editor in 0.00 ms.
Initialize engine version: 2020.3.3f1 (76626098c1c4)
[Subsystems] Discovering subsystems at path C:/Program Files/Unity/Hub/Editor/2020.3.3f1/Editor/Data/Resources/UnitySubsystems
[Subsystems] Discovering subsystems at path E:/CURSOS LLEVANDO/VIDEOJUEGOS Y APLICACIONES MOVILES/T2UltimaPractica/T2/Assets
GfxDevice: creating device client; threaded=0
Direct3D:
    Version:  Direct3D 11.0 [level 11.0]
    Renderer: NVIDIA GeForce GT 820M (ID=0x1140)
    Vendor:   
    VRAM:     1999 MB
    Driver:   21.21.13.7654
Initialize mono
Mono path[0] = 'C:/Program Files/Unity/Hub/Editor/2020.3.3f1/Editor/Data/Managed'
Mono path[1] = 'C:/Program Files/Unity/Hub/Editor/2020.3.3f1/Editor/Data/MonoBleedingEdge/lib/mono/unityjit'
Mono config path = 'C:/Program Files/Unity/Hub/Editor/2020.3.3f1/Editor/Data/MonoBleedingEdge/etc'
Using monoOptions --debugger-agent=transport=dt_socket,embedding=1,server=y,suspend=n,address=127.0.0.1:56540
Begin MonoManager ReloadAssembly
Registering precompiled unity dll's ...
Register platform support module: C:/Program Files/Unity/Hub/Editor/2020.3.3f1/Editor/Data/PlaybackEngines/WindowsStandaloneSupport/UnityEditor.WindowsStandalone.Extensions.dll
Registered in 0.002986 seconds.
Native extension for WindowsStandalone target not found
Refreshing native plugins compatible for Editor in 59.81 ms, found 1 plugins.
Preloading 0 native plugins for Editor in 0.00 ms.
Invoked RoslynAnalysisRunner static constructor.
RoslynAnalysisRunner will not be running.
RoslynAnalysisRunner has terminated.
Mono: successfully reloaded assembly
- Completed reload, in  1.647 seconds
Platform modules already initialized, skipping
Registering precompiled user dll's ...
Registered in 0.001027 seconds.
Begin MonoManager ReloadAssembly
Native extension for WindowsStandalone target not found
Refreshing native plugins compatible for Editor in 58.56 ms, found 1 plugins.
Preloading 0 native plugins for Editor in 0.00 ms.
Invoked RoslynAnalysisRunner static constructor.
RoslynAnalysisRunner will not be running.
RoslynAnalysisRunner has terminated.
Mono: successfully reloaded assembly
- Completed reload, in  1.546 seconds
Platform modules already initialized, skipping
========================================================================
Worker process is ready to serve import requests
Launched and connected shader compiler UnityShaderCompiler.exe after 0.06 seconds
Refreshing native plugins compatible for Editor in 0.54 ms, found 1 plugins.
Preloading 0 native plugins for Editor in 0.00 ms.
Unloading 1813 Unused Serialized files (Serialized files now loaded: 0)
System memory in use before: 85.0 MB.
System memory in use after: 84.9 MB.

Unloading 24 unused Assets to reduce memory usage. Loaded Objects now: 2256.
Total: 3.199200 ms (FindLiveObjects: 0.569100 ms CreateObjectMapping: 0.234000 ms MarkObjects: 2.221800 ms  DeleteObjects: 0.172300 ms)

========================================================================
Received Import Request.
  path: Assets/Scenes/SampleScene.unity
  artifactKey: Guid(2cda990e2423bbf4892e6590ba056729) Importer(815301076,1909f56bfc062723c751e8b465ee728b)
Start importing Assets/Scenes/SampleScene.unity using Guid(2cda990e2423bbf4892e6590ba056729) Importer(815301076,1909f56bfc062723c751e8b465ee728b)  -> (artifact id: '4ce1a5ca66fc0cdbbafefb92b6747e76') in 0.026265 seconds
  Import took 0.031391 seconds .

========================================================================
Received Prepare
Registering precompiled user dll's ...
Registered in 0.001064 seconds.
Begin MonoManager ReloadAssembly
Native extension for WindowsStandalone target not found
Refreshing native plugins compatible for Editor in 0.64 ms, found 1 plugins.
Preloading 0 native plugins for Editor in 0.00 ms.
Invoked RoslynAnalysisRunner static constructor.
RoslynAnalysisRunner will not be running.
RoslynAnalysisRunner has terminated.
Mono: successfully reloaded assembly
- Completed reload, in  1.387 seconds
Platform modules already initialized, skipping
Refreshing native plugins compatible for Editor in 0.47 ms, found 1 plugins.
Preloading 0 native plugins for Editor in 0.00 ms.
Unloading 1808 Unused Serialized files (Serialized files now loaded: 0)
System memory in use before: 85.0 MB.
System memory in use after: 84.9 MB.

Unloading 12 unused Assets to reduce memory usage. Loaded Objects now: 2260.
Total: 3.945500 ms (FindLiveObjects: 0.288200 ms CreateObjectMapping: 0.136500 ms MarkObjects: 3.366600 ms  DeleteObjects: 0.151900 ms)

========================================================================
Received Prepare
Registering precompiled user dll's ...
Registered in 0.001046 seconds.
Begin MonoManager ReloadAssembly
Native extension for WindowsStandalone target not found
Refreshing native plugins compatible for Editor in 0.49 ms, found 1 plugins.
Preloading 0 native plugins for Editor in 0.00 ms.
Invoked RoslynAnalysisRunner static constructor.
RoslynAnalysisRunner will not be running.
RoslynAnalysisRunner has terminated.
Mono: successfully reloaded assembly
- Completed reload, in  1.511 seconds
Platform modules already initialized, skipping
Refreshing native plugins compatible for Editor in 0.49 ms, found 1 plugins.
Preloading 0 native plugins for Editor in 0.00 ms.
Unloading 1808 Unused Serialized files (Serialized files now loaded: 0)
System memory in use before: 85.0 MB.
System memory in use after: 85.0 MB.

Unloading 12 unused Assets to reduce memory usage. Loaded Objects now: 2264.
Total: 3.836700 ms (FindLiveObjects: 0.315300 ms CreateObjectMapping: 0.171700 ms MarkObjects: 3.191400 ms  DeleteObjects: 0.156200 ms)

========================================================================
Received Import Request.
  Time since last request: 154.912846 seconds.
  path: Assets/Scenes/SampleScene.unity
  artifactKey: Guid(2cda990e2423bbf4892e6590ba056729) Importer(815301076,1909f56bfc062723c751e8b465ee728b)
Start importing Assets/Scenes/SampleScene.unity using Guid(2cda990e2423bbf4892e6590ba056729) Importer(815301076,1909f56bfc062723c751e8b465ee728b)  -> (artifact id: '686df4689e31fb0381c6b4c697c16fe4') in 0.017983 seconds
  Import took 0.023800 seconds .

========================================================================
Received Import Request.
  Time since last request: 345.794421 seconds.
  path: Assets/Materials/Nofriccion.physicsMaterial2D
  artifactKey: Guid(7e2ca2d354ab89c40a9c79b373a08f98) Importer(815301076,1909f56bfc062723c751e8b465ee728b)
Start importing Assets/Materials/Nofriccion.physicsMaterial2D using Guid(7e2ca2d354ab89c40a9c79b373a08f98) Importer(815301076,1909f56bfc062723c751e8b465ee728b)  -> (artifact id: '9af7ed4bddd4942dddc7f305fd9a1a63') in 0.034173 seconds
  Import took 0.040199 seconds .

========================================================================
Received Prepare
Registering precompiled user dll's ...
Registered in 0.001153 seconds.
Begin MonoManager ReloadAssembly
Native extension for WindowsStandalone target not found
Refreshing native plugins compatible for Editor in 0.69 ms, found 1 plugins.
Preloading 0 native plugins for Editor in 0.00 ms.
Invoked RoslynAnalysisRunner static constructor.
RoslynAnalysisRunner will not be running.
RoslynAnalysisRunner has terminated.
Mono: successfully reloaded assembly
- Completed reload, in  2.441 seconds
Platform modules already initialized, skipping
Refreshing native plugins compatible for Editor in 0.55 ms, found 1 plugins.
Preloading 0 native plugins for Editor in 0.00 ms.
Unloading 1808 Unused Serialized files (Serialized files now loaded: 0)
System memory in use before: 85.0 MB.
System memory in use after: 85.0 MB.

Unloading 12 unused Assets to reduce memory usage. Loaded Objects now: 2268.
Total: 3.300600 ms (FindLiveObjects: 0.340300 ms CreateObjectMapping: 0.150800 ms MarkObjects: 2.635100 ms  DeleteObjects: 0.171800 ms)

========================================================================
Received Prepare
Registering precompiled user dll's ...
Registered in 0.001239 seconds.
Begin MonoManager ReloadAssembly
Native extension for WindowsStandalone target not found
Refreshing native plugins compatible for Editor in 0.70 ms, found 1 plugins.
Preloading 0 native plugins for Editor in 0.00 ms.
Invoked RoslynAnalysisRunner static constructor.
RoslynAnalysisRunner will not be running.
RoslynAnalysisRunner has terminated.
Mono: successfully reloaded assembly
- Completed reload, in  1.518 seconds
Platform modules already initialized, skipping
Refreshing native plugins compatible for Editor in 0.77 ms, found 1 plugins.
Preloading 0 native plugins for Editor in 0.00 ms.
Unloading 1808 Unused Serialized files (Serialized files now loaded: 0)
System memory in use before: 85.0 MB.
System memory in use after: 85.0 MB.

Unloading 12 unused Assets to reduce memory usage. Loaded Objects now: 2272.
Total: 3.372800 ms (FindLiveObjects: 0.434800 ms CreateObjectMapping: 0.196000 ms MarkObjects: 2.579400 ms  DeleteObjects: 0.160300 ms)

========================================================================
Received Import Request.
  Time since last request: 280.176114 seconds.
  path: Assets/Spritess/Zombies/female/Walk (3).png
  artifactKey: Guid(4d4b6db967831274abe5c908406bd5e0) Importer(815301076,1909f56bfc062723c751e8b465ee728b)
Start importing Assets/Spritess/Zombies/female/Walk (3).png using Guid(4d4b6db967831274abe5c908406bd5e0) Importer(815301076,1909f56bfc062723c751e8b465ee728b)  -> (artifact id: 'e7c2ece125a110787f6e1d5acf460773') in 0.204951 seconds
  Import took 0.212035 seconds .

========================================================================
Received Import Request.
  Time since last request: 0.000300 seconds.
  path: Assets/Spritess/Zombies/female/Walk (6).png
  artifactKey: Guid(78978ef29d9a7984995bc011b9196efc) Importer(815301076,1909f56bfc062723c751e8b465ee728b)
Start importing Assets/Spritess/Zombies/female/Walk (6).png using Guid(78978ef29d9a7984995bc011b9196efc) Importer(815301076,1909f56bfc062723c751e8b465ee728b)  -> (artifact id: '1b9911c55dbef3305e02ec8222fd4d7e') in 0.023722 seconds
  Import took 0.028163 seconds .

========================================================================
Received Import Request.
  Time since last request: 0.000298 seconds.
  path: Assets/Spritess/Zombies/female/Walk (4).png
  artifactKey: Guid(5e8e1f967fde9ed4fa103e064eef8f61) Importer(815301076,1909f56bfc062723c751e8b465ee728b)
Start importing Assets/Spritess/Zombies/female/Walk (4).png using Guid(5e8e1f967fde9ed4fa103e064eef8f61) Importer(815301076,1909f56bfc062723c751e8b465ee728b)  -> (artifact id: 'd63b40f3f7287931e1ce86463a6c1f39') in 0.023749 seconds
  Import took 0.030740 seconds .

========================================================================
Received Import Request.
  Time since last request: 0.000421 seconds.
  path: Assets/Spritess/Zombies/female/Walk (5).png
  artifactKey: Guid(668f88540a6794746859d1a89e96392f) Importer(815301076,1909f56bfc062723c751e8b465ee728b)
Start importing Assets/Spritess/Zombies/female/Walk (5).png using Guid(668f88540a6794746859d1a89e96392f) Importer(815301076,1909f56bfc062723c751e8b465ee728b)  -> (artifact id: '6a9483526408046a8daef1fff8c6ccf2') in 0.023981 seconds
  Import took 0.029173 seconds .

========================================================================
Received Import Request.
  Time since last request: 6.694142 seconds.
  path: Assets/Spritess/Zombies/male/Walk (6).png
  artifactKey: Guid(85011d6715efe5a48a2d357b27bc79d3) Importer(815301076,1909f56bfc062723c751e8b465ee728b)
Start importing Assets/Spritess/Zombies/male/Walk (6).png using Guid(85011d6715efe5a48a2d357b27bc79d3) Importer(815301076,1909f56bfc062723c751e8b465ee728b)  -> (artifact id: 'dbc67f7ece071541f1bd49df06087c7d') in 0.029808 seconds
  Import took 0.036541 seconds .

========================================================================
Received Import Request.
  Time since last request: 0.004094 seconds.
  path: Assets/Spritess/Zombies/male/Walk (6).png
  artifactKey: Guid(85011d6715efe5a48a2d357b27bc79d3) Importer(815301076,1909f56bfc062723c751e8b465ee728b)
Start importing Assets/Spritess/Zombies/male/Walk (6).png using Guid(85011d6715efe5a48a2d357b27bc79d3) Importer(815301076,1909f56bfc062723c751e8b465ee728b)  -> (artifact id: 'dbc67f7ece071541f1bd49df06087c7d') in 0.021737 seconds
  Import took 0.031217 seconds .

========================================================================
Received Import Request.
  Time since last request: 31.201603 seconds.
  path: Assets/Animaciones/ZombieAnimations/AttackFemale.anim
  artifactKey: Guid(d86af28d0fc89874b85ae59831516382) Importer(815301076,1909f56bfc062723c751e8b465ee728b)
Start importing Assets/Animaciones/ZombieAnimations/AttackFemale.anim using Guid(d86af28d0fc89874b85ae59831516382) Importer(815301076,1909f56bfc062723c751e8b465ee728b)  -> (artifact id: 'dab9501f7c9fce6ad48a4ac250ee40d3') in 0.005885 seconds
  Import took 0.011628 seconds .

========================================================================
Received Import Request.
  Time since last request: 0.010986 seconds.
  path: Assets/Animaciones/ZombieAnimations/AttackFemale.anim
  artifactKey: Guid(d86af28d0fc89874b85ae59831516382) Importer(815301076,1909f56bfc062723c751e8b465ee728b)
Start importing Assets/Animaciones/ZombieAnimations/AttackFemale.anim using Guid(d86af28d0fc89874b85ae59831516382) Importer(815301076,1909f56bfc062723c751e8b465ee728b)  -> (artifact id: 'dab9501f7c9fce6ad48a4ac250ee40d3') in 0.002431 seconds
  Import took 0.007447 seconds .

========================================================================
Received Import Request.
  Time since last request: 1.790928 seconds.
  path: Assets/Animaciones/ZombieAnimations/AttackMale.anim
  artifactKey: Guid(95a5fcf87d5f1204097393de0c98a692) Importer(815301076,1909f56bfc062723c751e8b465ee728b)
Start importing Assets/Animaciones/ZombieAnimations/AttackMale.anim using Guid(95a5fcf87d5f1204097393de0c98a692) Importer(815301076,1909f56bfc062723c751e8b465ee728b)  -> (artifact id: '9d51e1166e1ea6523613abdd7f671bd2') in 0.002878 seconds
  Import took 0.007857 seconds .

========================================================================
Received Prepare
Registering precompiled user dll's ...
Registered in 0.001496 seconds.
Begin MonoManager ReloadAssembly
Native extension for WindowsStandalone target not found
Refreshing native plugins compatible for Editor in 0.51 ms, found 1 plugins.
Preloading 0 native plugins for Editor in 0.00 ms.
Invoked RoslynAnalysisRunner static constructor.
RoslynAnalysisRunner will not be running.
RoslynAnalysisRunner has terminated.
Mono: successfully reloaded assembly
- Completed reload, in  1.249 seconds
Platform modules already initialized, skipping
Refreshing native plugins compatible for Editor in 0.46 ms, found 1 plugins.
Preloading 0 native plugins for Editor in 0.00 ms.
Unloading 1808 Unused Serialized files (Serialized files now loaded: 0)
System memory in use before: 88.1 MB.
System memory in use after: 88.1 MB.

Unloading 12 unused Assets to reduce memory usage. Loaded Objects now: 2284.
Total: 3.418700 ms (FindLiveObjects: 0.257300 ms CreateObjectMapping: 0.133900 ms MarkObjects: 2.885100 ms  DeleteObjects: 0.140600 ms)

========================================================================
Received Import Request.
  Time since last request: 13.344230 seconds.
  path: Assets/Animaciones/ZombieAnimations/Canvas.controller
  artifactKey: Guid(926f81b20dbbd3146b3fd172cee5c7e3) Importer(815301076,1909f56bfc062723c751e8b465ee728b)
Start importing Assets/Animaciones/ZombieAnimations/Canvas.controller using Guid(926f81b20dbbd3146b3fd172cee5c7e3) Importer(815301076,1909f56bfc062723c751e8b465ee728b)  -> (artifact id: 'f48310659d17c9bd2a17fb2726b64db0') in 0.020272 seconds
  Import took 0.025770 seconds .

========================================================================
Received Prepare
Registering precompiled user dll's ...
Registered in 0.001292 seconds.
Begin MonoManager ReloadAssembly
Native extension for WindowsStandalone target not found
Refreshing native plugins compatible for Editor in 0.77 ms, found 1 plugins.
Preloading 0 native plugins for Editor in 0.00 ms.
Invoked RoslynAnalysisRunner static constructor.
RoslynAnalysisRunner will not be running.
RoslynAnalysisRunner has terminated.
Mono: successfully reloaded assembly
- Completed reload, in  1.665 seconds
Platform modules already initialized, skipping
Refreshing native plugins compatible for Editor in 0.51 ms, found 1 plugins.
Preloading 0 native plugins for Editor in 0.00 ms.
Unloading 1808 Unused Serialized files (Serialized files now loaded: 0)
System memory in use before: 88.2 MB.
System memory in use after: 88.1 MB.

Unloading 12 unused Assets to reduce memory usage. Loaded Objects now: 2288.
Total: 4.818800 ms (FindLiveObjects: 1.781500 ms CreateObjectMapping: 0.204400 ms MarkObjects: 2.664000 ms  DeleteObjects: 0.167000 ms)

========================================================================
Received Prepare
Registering precompiled user dll's ...
Registered in 0.001519 seconds.
Begin MonoManager ReloadAssembly
Native extension for WindowsStandalone target not found
Refreshing native plugins compatible for Editor in 0.71 ms, found 1 plugins.
Preloading 0 native plugins for Editor in 0.00 ms.
Invoked RoslynAnalysisRunner static constructor.
RoslynAnalysisRunner will not be running.
RoslynAnalysisRunner has terminated.
Mono: successfully reloaded assembly
- Completed reload, in  1.669 seconds
Platform modules already initialized, skipping
Refreshing native plugins compatible for Editor in 0.71 ms, found 1 plugins.
Preloading 0 native plugins for Editor in 0.00 ms.
Unloading 1808 Unused Serialized files (Serialized files now loaded: 0)
System memory in use before: 88.2 MB.
System memory in use after: 88.1 MB.

Unloading 12 unused Assets to reduce memory usage. Loaded Objects now: 2292.
Total: 3.697200 ms (FindLiveObjects: 0.586100 ms CreateObjectMapping: 0.174700 ms MarkObjects: 2.777800 ms  DeleteObjects: 0.156200 ms)

========================================================================
Received Prepare
Registering precompiled user dll's ...
Registered in 0.002681 seconds.
Begin MonoManager ReloadAssembly
Native extension for WindowsStandalone target not found
Refreshing native plugins compatible for Editor in 0.71 ms, found 1 plugins.
Preloading 0 native plugins for Editor in 0.00 ms.
Invoked RoslynAnalysisRunner static constructor.
RoslynAnalysisRunner will not be running.
RoslynAnalysisRunner has terminated.
Mono: successfully reloaded assembly
- Completed reload, in  1.883 seconds
Platform modules already initialized, skipping
Refreshing native plugins compatible for Editor in 0.58 ms, found 1 plugins.
Preloading 0 native plugins for Editor in 0.00 ms.
Unloading 1808 Unused Serialized files (Serialized files now loaded: 0)
System memory in use before: 88.2 MB.
System memory in use after: 88.1 MB.

Unloading 12 unused Assets to reduce memory usage. Loaded Objects now: 2296.
Total: 4.501100 ms (FindLiveObjects: 0.412000 ms CreateObjectMapping: 0.263300 ms MarkObjects: 3.645100 ms  DeleteObjects: 0.177900 ms)

========================================================================
Received Prepare
Registering precompiled user dll's ...
Registered in 0.003569 seconds.
Begin MonoManager ReloadAssembly
Native extension for WindowsStandalone target not found
Refreshing native plugins compatible for Editor in 0.96 ms, found 1 plugins.
Preloading 0 native plugins for Editor in 0.00 ms.
Invoked RoslynAnalysisRunner static constructor.
RoslynAnalysisRunner will not be running.
RoslynAnalysisRunner has terminated.
Mono: successfully reloaded assembly
- Completed reload, in  2.216 seconds
Platform modules already initialized, skipping
Refreshing native plugins compatible for Editor in 1.72 ms, found 1 plugins.
Preloading 0 native plugins for Editor in 0.00 ms.
Unloading 1808 Unused Serialized files (Serialized files now loaded: 0)
System memory in use before: 88.2 MB.
System memory in use after: 88.2 MB.

Unloading 12 unused Assets to reduce memory usage. Loaded Objects now: 2300.
Total: 6.398100 ms (FindLiveObjects: 0.391600 ms CreateObjectMapping: 0.453700 ms MarkObjects: 5.305300 ms  DeleteObjects: 0.244800 ms)

========================================================================
Received Prepare
Registering precompiled user dll's ...
Registered in 0.001734 seconds.
Begin MonoManager ReloadAssembly
Native extension for WindowsStandalone target not found
Refreshing native plugins compatible for Editor in 1.14 ms, found 1 plugins.
Preloading 0 native plugins for Editor in 0.00 ms.
Invoked RoslynAnalysisRunner static constructor.
RoslynAnalysisRunner will not be running.
RoslynAnalysisRunner has terminated.
Mono: successfully reloaded assembly
- Completed reload, in  3.673 seconds
Platform modules already initialized, skipping
Refreshing native plugins compatible for Editor in 0.60 ms, found 1 plugins.
Preloading 0 native plugins for Editor in 0.00 ms.
Unloading 1808 Unused Serialized files (Serialized files now loaded: 0)
System memory in use before: 88.2 MB.
System memory in use after: 88.2 MB.

Unloading 12 unused Assets to reduce memory usage. Loaded Objects now: 2304.
Total: 5.974900 ms (FindLiveObjects: 0.603700 ms CreateObjectMapping: 0.171900 ms MarkObjects: 4.891600 ms  DeleteObjects: 0.303300 ms)

========================================================================
Received Prepare
Registering precompiled user dll's ...
Registered in 0.017910 seconds.
Begin MonoManager ReloadAssembly
Native extension for WindowsStandalone target not found
Refreshing native plugins compatible for Editor in 0.83 ms, found 1 plugins.
Preloading 0 native plugins for Editor in 0.00 ms.
Invoked RoslynAnalysisRunner static constructor.
RoslynAnalysisRunner will not be running.
RoslynAnalysisRunner has terminated.
Mono: successfully reloaded assembly
- Completed reload, in  3.177 seconds
Platform modules already initialized, skipping
Refreshing native plugins compatible for Editor in 1.21 ms, found 1 plugins.
Preloading 0 native plugins for Editor in 0.00 ms.
Unloading 1808 Unused Serialized files (Serialized files now loaded: 0)
System memory in use before: 88.2 MB.
System memory in use after: 88.2 MB.

Unloading 12 unused Assets to reduce memory usage. Loaded Objects now: 2308.
Total: 15.811600 ms (FindLiveObjects: 1.413400 ms CreateObjectMapping: 0.352800 ms MarkObjects: 13.663400 ms  DeleteObjects: 0.378300 ms)

========================================================================
Received Prepare
Registering precompiled user dll's ...
Registered in 0.023991 seconds.
Begin MonoManager ReloadAssembly
Native extension for WindowsStandalone target not found
Refreshing native plugins compatible for Editor in 1.18 ms, found 1 plugins.
Preloading 0 native plugins for Editor in 0.00 ms.
Invoked RoslynAnalysisRunner static constructor.
RoslynAnalysisRunner will not be running.
RoslynAnalysisRunner has terminated.
Mono: successfully reloaded assembly
- Completed reload, in 12.563 seconds
Platform modules already initialized, skipping
Refreshing native plugins compatible for Editor in 1.06 ms, found 1 plugins.
Preloading 0 native plugins for Editor in 0.00 ms.
Unloading 1808 Unused Serialized files (Serialized files now loaded: 0)
System memory in use before: 88.2 MB.
System memory in use after: 88.2 MB.

Unloading 12 unused Assets to reduce memory usage. Loaded Objects now: 2312.
Total: 9.700000 ms (FindLiveObjects: 0.499900 ms CreateObjectMapping: 0.137700 ms MarkObjects: 5.139500 ms  DeleteObjects: 3.919900 ms)

AssetImportWorkerClient::OnTransportError - code=2 error=End of file
